<?xml version="1.0" encoding="UTF-8"?>
<!-- Generated by org.testng.reporters.JUnitXMLReporter -->
<testsuite hostname="Vamsi-PC" ignored="0" name="Default test" tests="3" failures="0" timestamp="23 Jun 2019 16:25:28 GMT" time="26.449" errors="0">
  <testcase name="sampleTestFB on Automation.Automation.AppTest@28d25987" time="10.915" classname="Automation.Automation.AppTest"/>
  <testcase name="sampleTestGmail on Automation.Automation.AppTest@28d25987" time="8.475" classname="Automation.Automation.AppTest"/>
  <testcase name="sampleTestGoogle on Automation.Automation.AppTest@28d25987" time="6.992" classname="Automation.Automation.AppTest"/>
</testsuite> <!-- Default test -->
