<?xml version="1.0" encoding="UTF-8"?>
<!-- Generated by org.testng.reporters.JUnitXMLReporter -->
<testsuite hostname="Vamsi-PC" ignored="0" name="AppTest" tests="3" failures="0" timestamp="23 Jun 2019 16:38:20 GMT" time="24.214" errors="0">
  <testcase name="sampleTestFB" time="9.558" classname="Automation.Automation.AppTest"/>
  <testcase name="sampleTestGmail" time="7.891" classname="Automation.Automation.AppTest"/>
  <testcase name="sampleTestGoogle" time="6.725" classname="Automation.Automation.AppTest"/>
</testsuite> <!-- AppTest -->
