<?xml version="1.0" encoding="UTF-8"?>
<!-- Generated by org.testng.reporters.JUnitXMLReporter -->
<testsuite hostname="Vamsi-PC" ignored="0" name="Test" tests="3" failures="0" timestamp="23 Jun 2019 16:37:55 GMT" time="14.627" errors="0">
  <testcase name="sampleTestGoogle" time="9.863" classname="Automation.Automation.AppTest"/>
  <testcase name="sampleTestGmail" time="13.302" classname="Automation.Automation.AppTest"/>
  <testcase name="sampleTestFB" time="14.568" classname="Automation.Automation.AppTest"/>
</testsuite> <!-- Test -->
