<?xml version="1.0" encoding="UTF-8"?>
<testng-results skipped="0" failed="0" ignored="0" total="6" passed="6">
  <reporter-output>
  </reporter-output>
  <suite name="Suite" duration-ms="38882" started-at="2019-06-23T16:37:41Z" finished-at="2019-06-23T16:38:20Z">
    <groups>
    </groups>
    <test name="Test" duration-ms="14627" started-at="2019-06-23T16:37:41Z" finished-at="2019-06-23T16:37:55Z">
      <class name="Automation.Automation.AppTest">
        <test-method status="PASS" signature="BeforeClass()[pri:0, instance:Automation.Automation.AppTest@65e2dbf3]" name="BeforeClass" is-config="true" duration-ms="13" started-at="2019-06-23T16:37:41Z" finished-at="2019-06-23T16:37:41Z">
          <reporter-output>
          </reporter-output>
        </test-method> <!-- BeforeClass -->
        <test-method status="PASS" signature="BeforeMethod()[pri:0, instance:Automation.Automation.AppTest@65e2dbf3]" name="BeforeMethod" is-config="true" duration-ms="1" started-at="2019-06-23T16:37:41Z" finished-at="2019-06-23T16:37:41Z">
          <reporter-output>
          </reporter-output>
        </test-method> <!-- BeforeMethod -->
        <test-method status="PASS" signature="BeforeMethod()[pri:0, instance:Automation.Automation.AppTest@65e2dbf3]" name="BeforeMethod" is-config="true" duration-ms="0" started-at="2019-06-23T16:37:41Z" finished-at="2019-06-23T16:37:41Z">
          <reporter-output>
          </reporter-output>
        </test-method> <!-- BeforeMethod -->
        <test-method status="PASS" signature="BeforeMethod()[pri:0, instance:Automation.Automation.AppTest@65e2dbf3]" name="BeforeMethod" is-config="true" duration-ms="1" started-at="2019-06-23T16:37:41Z" finished-at="2019-06-23T16:37:41Z">
          <reporter-output>
          </reporter-output>
        </test-method> <!-- BeforeMethod -->
        <test-method status="PASS" signature="sampleTestGmail()[pri:1, instance:Automation.Automation.AppTest@65e2dbf3]" name="sampleTestGmail" duration-ms="13302" started-at="2019-06-23T16:37:41Z" finished-at="2019-06-23T16:37:54Z">
          <reporter-output>
          </reporter-output>
        </test-method> <!-- sampleTestGmail -->
        <test-method status="PASS" signature="sampleTestGoogle()[pri:1, instance:Automation.Automation.AppTest@65e2dbf3]" name="sampleTestGoogle" duration-ms="9863" started-at="2019-06-23T16:37:41Z" finished-at="2019-06-23T16:37:51Z">
          <reporter-output>
          </reporter-output>
        </test-method> <!-- sampleTestGoogle -->
        <test-method status="PASS" signature="sampleTestFB()[pri:1, instance:Automation.Automation.AppTest@65e2dbf3]" name="sampleTestFB" duration-ms="14568" started-at="2019-06-23T16:37:41Z" finished-at="2019-06-23T16:37:55Z">
          <reporter-output>
          </reporter-output>
        </test-method> <!-- sampleTestFB -->
        <test-method status="PASS" signature="AfterMethod()[pri:0, instance:Automation.Automation.AppTest@65e2dbf3]" name="AfterMethod" is-config="true" duration-ms="0" started-at="2019-06-23T16:37:51Z" finished-at="2019-06-23T16:37:51Z">
          <reporter-output>
          </reporter-output>
        </test-method> <!-- AfterMethod -->
        <test-method status="PASS" signature="AfterMethod()[pri:0, instance:Automation.Automation.AppTest@65e2dbf3]" name="AfterMethod" is-config="true" duration-ms="0" started-at="2019-06-23T16:37:54Z" finished-at="2019-06-23T16:37:54Z">
          <reporter-output>
          </reporter-output>
        </test-method> <!-- AfterMethod -->
        <test-method status="PASS" signature="AfterMethod()[pri:0, instance:Automation.Automation.AppTest@65e2dbf3]" name="AfterMethod" is-config="true" duration-ms="1" started-at="2019-06-23T16:37:55Z" finished-at="2019-06-23T16:37:55Z">
          <reporter-output>
          </reporter-output>
        </test-method> <!-- AfterMethod -->
        <test-method status="PASS" signature="AfterClas()[pri:0, instance:Automation.Automation.AppTest@65e2dbf3]" name="AfterClas" is-config="true" duration-ms="0" started-at="2019-06-23T16:37:55Z" finished-at="2019-06-23T16:37:55Z">
          <reporter-output>
          </reporter-output>
        </test-method> <!-- AfterClas -->
      </class> <!-- Automation.Automation.AppTest -->
    </test> <!-- Test -->
    <test name="AppTest" duration-ms="24214" started-at="2019-06-23T16:37:55Z" finished-at="2019-06-23T16:38:20Z">
      <class name="Automation.Automation.AppTest">
        <test-method status="PASS" signature="BeforeClass()[pri:0, instance:Automation.Automation.AppTest@3224f60b]" name="BeforeClass" is-config="true" duration-ms="0" started-at="2019-06-23T16:37:55Z" finished-at="2019-06-23T16:37:55Z">
          <reporter-output>
          </reporter-output>
        </test-method> <!-- BeforeClass -->
        <test-method status="PASS" signature="BeforeMethod()[pri:0, instance:Automation.Automation.AppTest@3224f60b]" name="BeforeMethod" is-config="true" duration-ms="0" started-at="2019-06-23T16:37:55Z" finished-at="2019-06-23T16:37:55Z">
          <reporter-output>
          </reporter-output>
        </test-method> <!-- BeforeMethod -->
        <test-method status="PASS" signature="sampleTestFB()[pri:1, instance:Automation.Automation.AppTest@3224f60b]" name="sampleTestFB" duration-ms="9558" started-at="2019-06-23T16:37:55Z" finished-at="2019-06-23T16:38:05Z">
          <reporter-output>
          </reporter-output>
        </test-method> <!-- sampleTestFB -->
        <test-method status="PASS" signature="AfterMethod()[pri:0, instance:Automation.Automation.AppTest@3224f60b]" name="AfterMethod" is-config="true" duration-ms="1" started-at="2019-06-23T16:38:05Z" finished-at="2019-06-23T16:38:05Z">
          <reporter-output>
          </reporter-output>
        </test-method> <!-- AfterMethod -->
        <test-method status="PASS" signature="BeforeMethod()[pri:0, instance:Automation.Automation.AppTest@3224f60b]" name="BeforeMethod" is-config="true" duration-ms="1" started-at="2019-06-23T16:38:05Z" finished-at="2019-06-23T16:38:05Z">
          <reporter-output>
          </reporter-output>
        </test-method> <!-- BeforeMethod -->
        <test-method status="PASS" signature="sampleTestGmail()[pri:1, instance:Automation.Automation.AppTest@3224f60b]" name="sampleTestGmail" duration-ms="7891" started-at="2019-06-23T16:38:05Z" finished-at="2019-06-23T16:38:13Z">
          <reporter-output>
          </reporter-output>
        </test-method> <!-- sampleTestGmail -->
        <test-method status="PASS" signature="AfterMethod()[pri:0, instance:Automation.Automation.AppTest@3224f60b]" name="AfterMethod" is-config="true" duration-ms="3" started-at="2019-06-23T16:38:13Z" finished-at="2019-06-23T16:38:13Z">
          <reporter-output>
          </reporter-output>
        </test-method> <!-- AfterMethod -->
        <test-method status="PASS" signature="sampleTestGoogle()[pri:1, instance:Automation.Automation.AppTest@3224f60b]" name="sampleTestGoogle" duration-ms="6725" started-at="2019-06-23T16:38:13Z" finished-at="2019-06-23T16:38:20Z">
          <reporter-output>
          </reporter-output>
        </test-method> <!-- sampleTestGoogle -->
        <test-method status="PASS" signature="BeforeMethod()[pri:0, instance:Automation.Automation.AppTest@3224f60b]" name="BeforeMethod" is-config="true" duration-ms="0" started-at="2019-06-23T16:38:13Z" finished-at="2019-06-23T16:38:13Z">
          <reporter-output>
          </reporter-output>
        </test-method> <!-- BeforeMethod -->
        <test-method status="PASS" signature="AfterClas()[pri:0, instance:Automation.Automation.AppTest@3224f60b]" name="AfterClas" is-config="true" duration-ms="1" started-at="2019-06-23T16:38:20Z" finished-at="2019-06-23T16:38:20Z">
          <reporter-output>
          </reporter-output>
        </test-method> <!-- AfterClas -->
        <test-method status="PASS" signature="AfterMethod()[pri:0, instance:Automation.Automation.AppTest@3224f60b]" name="AfterMethod" is-config="true" duration-ms="0" started-at="2019-06-23T16:38:20Z" finished-at="2019-06-23T16:38:20Z">
          <reporter-output>
          </reporter-output>
        </test-method> <!-- AfterMethod -->
      </class> <!-- Automation.Automation.AppTest -->
    </test> <!-- AppTest -->
  </suite> <!-- Suite -->
</testng-results>
